ARM GAS  C:\Users\emile\AppData\Local\Temp\cc2tdABs.s 			page 1


   1              		.cpu cortex-m0plus
   2              		.arch armv6s-m
   3              		.fpu softvfp
   4              		.eabi_attribute 20, 1
   5              		.eabi_attribute 21, 1
   6              		.eabi_attribute 23, 3
   7              		.eabi_attribute 24, 1
   8              		.eabi_attribute 25, 1
   9              		.eabi_attribute 26, 1
  10              		.eabi_attribute 30, 1
  11              		.eabi_attribute 34, 0
  12              		.eabi_attribute 18, 4
  13              		.file	"stm32l0xx_hal_i2c_ex.c"
  14              		.text
  15              	.Ltext0:
  16              		.cfi_sections	.debug_frame
  17              		.section	.text.HAL_I2CEx_ConfigAnalogFilter,"ax",%progbits
  18              		.align	1
  19              		.global	HAL_I2CEx_ConfigAnalogFilter
  20              		.syntax unified
  21              		.code	16
  22              		.thumb_func
  24              	HAL_I2CEx_ConfigAnalogFilter:
  25              	.LVL0:
  26              	.LFB40:
  27              		.file 1 "Drivers/STM32L0xx_HAL_Driver/Src/stm32l0xx_hal_i2c_ex.c"
   1:Drivers/STM32L0xx_HAL_Driver/Src/stm32l0xx_hal_i2c_ex.c **** /**
   2:Drivers/STM32L0xx_HAL_Driver/Src/stm32l0xx_hal_i2c_ex.c ****   ******************************************************************************
   3:Drivers/STM32L0xx_HAL_Driver/Src/stm32l0xx_hal_i2c_ex.c ****   * @file    stm32l0xx_hal_i2c_ex.c
   4:Drivers/STM32L0xx_HAL_Driver/Src/stm32l0xx_hal_i2c_ex.c ****   * @author  MCD Application Team
   5:Drivers/STM32L0xx_HAL_Driver/Src/stm32l0xx_hal_i2c_ex.c ****   * @brief   I2C Extended HAL module driver.
   6:Drivers/STM32L0xx_HAL_Driver/Src/stm32l0xx_hal_i2c_ex.c ****   *          This file provides firmware functions to manage the following
   7:Drivers/STM32L0xx_HAL_Driver/Src/stm32l0xx_hal_i2c_ex.c ****   *          functionalities of I2C Extended peripheral:
   8:Drivers/STM32L0xx_HAL_Driver/Src/stm32l0xx_hal_i2c_ex.c ****   *           + Filter Mode Functions
   9:Drivers/STM32L0xx_HAL_Driver/Src/stm32l0xx_hal_i2c_ex.c ****   *           + WakeUp Mode Functions
  10:Drivers/STM32L0xx_HAL_Driver/Src/stm32l0xx_hal_i2c_ex.c ****   *           + FastModePlus Functions
  11:Drivers/STM32L0xx_HAL_Driver/Src/stm32l0xx_hal_i2c_ex.c ****   *
  12:Drivers/STM32L0xx_HAL_Driver/Src/stm32l0xx_hal_i2c_ex.c ****   @verbatim
  13:Drivers/STM32L0xx_HAL_Driver/Src/stm32l0xx_hal_i2c_ex.c ****   ==============================================================================
  14:Drivers/STM32L0xx_HAL_Driver/Src/stm32l0xx_hal_i2c_ex.c ****                ##### I2C peripheral Extended features  #####
  15:Drivers/STM32L0xx_HAL_Driver/Src/stm32l0xx_hal_i2c_ex.c ****   ==============================================================================
  16:Drivers/STM32L0xx_HAL_Driver/Src/stm32l0xx_hal_i2c_ex.c **** 
  17:Drivers/STM32L0xx_HAL_Driver/Src/stm32l0xx_hal_i2c_ex.c ****   [..] Comparing to other previous devices, the I2C interface for STM32L0xx
  18:Drivers/STM32L0xx_HAL_Driver/Src/stm32l0xx_hal_i2c_ex.c ****        devices contains the following additional features
  19:Drivers/STM32L0xx_HAL_Driver/Src/stm32l0xx_hal_i2c_ex.c **** 
  20:Drivers/STM32L0xx_HAL_Driver/Src/stm32l0xx_hal_i2c_ex.c ****        (+) Possibility to disable or enable Analog Noise Filter
  21:Drivers/STM32L0xx_HAL_Driver/Src/stm32l0xx_hal_i2c_ex.c ****        (+) Use of a configured Digital Noise Filter
  22:Drivers/STM32L0xx_HAL_Driver/Src/stm32l0xx_hal_i2c_ex.c ****        (+) Disable or enable wakeup from Stop mode(s)
  23:Drivers/STM32L0xx_HAL_Driver/Src/stm32l0xx_hal_i2c_ex.c ****        (+) Disable or enable Fast Mode Plus
  24:Drivers/STM32L0xx_HAL_Driver/Src/stm32l0xx_hal_i2c_ex.c **** 
  25:Drivers/STM32L0xx_HAL_Driver/Src/stm32l0xx_hal_i2c_ex.c ****                      ##### How to use this driver #####
  26:Drivers/STM32L0xx_HAL_Driver/Src/stm32l0xx_hal_i2c_ex.c ****   ==============================================================================
  27:Drivers/STM32L0xx_HAL_Driver/Src/stm32l0xx_hal_i2c_ex.c ****   [..] This driver provides functions to configure Noise Filter and Wake Up Feature
  28:Drivers/STM32L0xx_HAL_Driver/Src/stm32l0xx_hal_i2c_ex.c ****     (#) Configure I2C Analog noise filter using the function HAL_I2CEx_ConfigAnalogFilter()
  29:Drivers/STM32L0xx_HAL_Driver/Src/stm32l0xx_hal_i2c_ex.c ****     (#) Configure I2C Digital noise filter using the function HAL_I2CEx_ConfigDigitalFilter()
  30:Drivers/STM32L0xx_HAL_Driver/Src/stm32l0xx_hal_i2c_ex.c ****     (#) Configure the enable or disable of I2C Wake Up Mode using the functions :
  31:Drivers/STM32L0xx_HAL_Driver/Src/stm32l0xx_hal_i2c_ex.c ****           (++) HAL_I2CEx_EnableWakeUp()
ARM GAS  C:\Users\emile\AppData\Local\Temp\cc2tdABs.s 			page 2


  32:Drivers/STM32L0xx_HAL_Driver/Src/stm32l0xx_hal_i2c_ex.c ****           (++) HAL_I2CEx_DisableWakeUp()
  33:Drivers/STM32L0xx_HAL_Driver/Src/stm32l0xx_hal_i2c_ex.c ****     (#) Configure the enable or disable of fast mode plus driving capability using the functions :
  34:Drivers/STM32L0xx_HAL_Driver/Src/stm32l0xx_hal_i2c_ex.c ****           (++) HAL_I2CEx_EnableFastModePlus()
  35:Drivers/STM32L0xx_HAL_Driver/Src/stm32l0xx_hal_i2c_ex.c ****           (++) HAL_I2CEx_DisableFastModePlus()
  36:Drivers/STM32L0xx_HAL_Driver/Src/stm32l0xx_hal_i2c_ex.c ****   @endverbatim
  37:Drivers/STM32L0xx_HAL_Driver/Src/stm32l0xx_hal_i2c_ex.c ****   ******************************************************************************
  38:Drivers/STM32L0xx_HAL_Driver/Src/stm32l0xx_hal_i2c_ex.c ****   * @attention
  39:Drivers/STM32L0xx_HAL_Driver/Src/stm32l0xx_hal_i2c_ex.c ****   *
  40:Drivers/STM32L0xx_HAL_Driver/Src/stm32l0xx_hal_i2c_ex.c ****   * <h2><center>&copy; Copyright (c) 2016 STMicroelectronics.
  41:Drivers/STM32L0xx_HAL_Driver/Src/stm32l0xx_hal_i2c_ex.c ****   * All rights reserved.</center></h2>
  42:Drivers/STM32L0xx_HAL_Driver/Src/stm32l0xx_hal_i2c_ex.c ****   *
  43:Drivers/STM32L0xx_HAL_Driver/Src/stm32l0xx_hal_i2c_ex.c ****   * This software component is licensed by ST under BSD 3-Clause license,
  44:Drivers/STM32L0xx_HAL_Driver/Src/stm32l0xx_hal_i2c_ex.c ****   * the "License"; You may not use this file except in compliance with the
  45:Drivers/STM32L0xx_HAL_Driver/Src/stm32l0xx_hal_i2c_ex.c ****   * License. You may obtain a copy of the License at:
  46:Drivers/STM32L0xx_HAL_Driver/Src/stm32l0xx_hal_i2c_ex.c ****   *                        opensource.org/licenses/BSD-3-Clause
  47:Drivers/STM32L0xx_HAL_Driver/Src/stm32l0xx_hal_i2c_ex.c ****   *
  48:Drivers/STM32L0xx_HAL_Driver/Src/stm32l0xx_hal_i2c_ex.c ****   ******************************************************************************
  49:Drivers/STM32L0xx_HAL_Driver/Src/stm32l0xx_hal_i2c_ex.c ****   */
  50:Drivers/STM32L0xx_HAL_Driver/Src/stm32l0xx_hal_i2c_ex.c **** 
  51:Drivers/STM32L0xx_HAL_Driver/Src/stm32l0xx_hal_i2c_ex.c **** /* Includes ------------------------------------------------------------------*/
  52:Drivers/STM32L0xx_HAL_Driver/Src/stm32l0xx_hal_i2c_ex.c **** #include "stm32l0xx_hal.h"
  53:Drivers/STM32L0xx_HAL_Driver/Src/stm32l0xx_hal_i2c_ex.c **** 
  54:Drivers/STM32L0xx_HAL_Driver/Src/stm32l0xx_hal_i2c_ex.c **** /** @addtogroup STM32L0xx_HAL_Driver
  55:Drivers/STM32L0xx_HAL_Driver/Src/stm32l0xx_hal_i2c_ex.c ****   * @{
  56:Drivers/STM32L0xx_HAL_Driver/Src/stm32l0xx_hal_i2c_ex.c ****   */
  57:Drivers/STM32L0xx_HAL_Driver/Src/stm32l0xx_hal_i2c_ex.c **** 
  58:Drivers/STM32L0xx_HAL_Driver/Src/stm32l0xx_hal_i2c_ex.c **** /** @defgroup I2CEx I2CEx
  59:Drivers/STM32L0xx_HAL_Driver/Src/stm32l0xx_hal_i2c_ex.c ****   * @brief I2C Extended HAL module driver
  60:Drivers/STM32L0xx_HAL_Driver/Src/stm32l0xx_hal_i2c_ex.c ****   * @{
  61:Drivers/STM32L0xx_HAL_Driver/Src/stm32l0xx_hal_i2c_ex.c ****   */
  62:Drivers/STM32L0xx_HAL_Driver/Src/stm32l0xx_hal_i2c_ex.c **** 
  63:Drivers/STM32L0xx_HAL_Driver/Src/stm32l0xx_hal_i2c_ex.c **** #ifdef HAL_I2C_MODULE_ENABLED
  64:Drivers/STM32L0xx_HAL_Driver/Src/stm32l0xx_hal_i2c_ex.c **** 
  65:Drivers/STM32L0xx_HAL_Driver/Src/stm32l0xx_hal_i2c_ex.c **** /* Private typedef -----------------------------------------------------------*/
  66:Drivers/STM32L0xx_HAL_Driver/Src/stm32l0xx_hal_i2c_ex.c **** /* Private define ------------------------------------------------------------*/
  67:Drivers/STM32L0xx_HAL_Driver/Src/stm32l0xx_hal_i2c_ex.c **** /* Private macro -------------------------------------------------------------*/
  68:Drivers/STM32L0xx_HAL_Driver/Src/stm32l0xx_hal_i2c_ex.c **** /* Private variables ---------------------------------------------------------*/
  69:Drivers/STM32L0xx_HAL_Driver/Src/stm32l0xx_hal_i2c_ex.c **** /* Private function prototypes -----------------------------------------------*/
  70:Drivers/STM32L0xx_HAL_Driver/Src/stm32l0xx_hal_i2c_ex.c **** /* Private functions ---------------------------------------------------------*/
  71:Drivers/STM32L0xx_HAL_Driver/Src/stm32l0xx_hal_i2c_ex.c **** 
  72:Drivers/STM32L0xx_HAL_Driver/Src/stm32l0xx_hal_i2c_ex.c **** /** @defgroup I2CEx_Exported_Functions I2C Extended Exported Functions
  73:Drivers/STM32L0xx_HAL_Driver/Src/stm32l0xx_hal_i2c_ex.c ****   * @{
  74:Drivers/STM32L0xx_HAL_Driver/Src/stm32l0xx_hal_i2c_ex.c ****   */
  75:Drivers/STM32L0xx_HAL_Driver/Src/stm32l0xx_hal_i2c_ex.c **** 
  76:Drivers/STM32L0xx_HAL_Driver/Src/stm32l0xx_hal_i2c_ex.c **** /** @defgroup I2CEx_Exported_Functions_Group1 Filter Mode Functions
  77:Drivers/STM32L0xx_HAL_Driver/Src/stm32l0xx_hal_i2c_ex.c ****   * @brief    Filter Mode Functions
  78:Drivers/STM32L0xx_HAL_Driver/Src/stm32l0xx_hal_i2c_ex.c ****   *
  79:Drivers/STM32L0xx_HAL_Driver/Src/stm32l0xx_hal_i2c_ex.c **** @verbatim
  80:Drivers/STM32L0xx_HAL_Driver/Src/stm32l0xx_hal_i2c_ex.c ****  ===============================================================================
  81:Drivers/STM32L0xx_HAL_Driver/Src/stm32l0xx_hal_i2c_ex.c ****                       ##### Filter Mode Functions #####
  82:Drivers/STM32L0xx_HAL_Driver/Src/stm32l0xx_hal_i2c_ex.c ****  ===============================================================================
  83:Drivers/STM32L0xx_HAL_Driver/Src/stm32l0xx_hal_i2c_ex.c ****     [..] This section provides functions allowing to:
  84:Drivers/STM32L0xx_HAL_Driver/Src/stm32l0xx_hal_i2c_ex.c ****       (+) Configure Noise Filters
  85:Drivers/STM32L0xx_HAL_Driver/Src/stm32l0xx_hal_i2c_ex.c **** 
  86:Drivers/STM32L0xx_HAL_Driver/Src/stm32l0xx_hal_i2c_ex.c **** @endverbatim
  87:Drivers/STM32L0xx_HAL_Driver/Src/stm32l0xx_hal_i2c_ex.c ****   * @{
  88:Drivers/STM32L0xx_HAL_Driver/Src/stm32l0xx_hal_i2c_ex.c ****   */
ARM GAS  C:\Users\emile\AppData\Local\Temp\cc2tdABs.s 			page 3


  89:Drivers/STM32L0xx_HAL_Driver/Src/stm32l0xx_hal_i2c_ex.c **** 
  90:Drivers/STM32L0xx_HAL_Driver/Src/stm32l0xx_hal_i2c_ex.c **** /**
  91:Drivers/STM32L0xx_HAL_Driver/Src/stm32l0xx_hal_i2c_ex.c ****   * @brief  Configure I2C Analog noise filter.
  92:Drivers/STM32L0xx_HAL_Driver/Src/stm32l0xx_hal_i2c_ex.c ****   * @param  hi2c Pointer to a I2C_HandleTypeDef structure that contains
  93:Drivers/STM32L0xx_HAL_Driver/Src/stm32l0xx_hal_i2c_ex.c ****   *                the configuration information for the specified I2Cx peripheral.
  94:Drivers/STM32L0xx_HAL_Driver/Src/stm32l0xx_hal_i2c_ex.c ****   * @param  AnalogFilter New state of the Analog filter.
  95:Drivers/STM32L0xx_HAL_Driver/Src/stm32l0xx_hal_i2c_ex.c ****   * @retval HAL status
  96:Drivers/STM32L0xx_HAL_Driver/Src/stm32l0xx_hal_i2c_ex.c ****   */
  97:Drivers/STM32L0xx_HAL_Driver/Src/stm32l0xx_hal_i2c_ex.c **** HAL_StatusTypeDef HAL_I2CEx_ConfigAnalogFilter(I2C_HandleTypeDef *hi2c, uint32_t AnalogFilter)
  98:Drivers/STM32L0xx_HAL_Driver/Src/stm32l0xx_hal_i2c_ex.c **** {
  28              		.loc 1 98 1 view -0
  29              		.cfi_startproc
  30              		@ args = 0, pretend = 0, frame = 0
  31              		@ frame_needed = 0, uses_anonymous_args = 0
  32              		.loc 1 98 1 is_stmt 0 view .LVU1
  33 0000 F0B5     		push	{r4, r5, r6, r7, lr}
  34              		.cfi_def_cfa_offset 20
  35              		.cfi_offset 4, -20
  36              		.cfi_offset 5, -16
  37              		.cfi_offset 6, -12
  38              		.cfi_offset 7, -8
  39              		.cfi_offset 14, -4
  99:Drivers/STM32L0xx_HAL_Driver/Src/stm32l0xx_hal_i2c_ex.c ****   /* Check the parameters */
 100:Drivers/STM32L0xx_HAL_Driver/Src/stm32l0xx_hal_i2c_ex.c ****   assert_param(IS_I2C_ALL_INSTANCE(hi2c->Instance));
  40              		.loc 1 100 3 is_stmt 1 view .LVU2
 101:Drivers/STM32L0xx_HAL_Driver/Src/stm32l0xx_hal_i2c_ex.c ****   assert_param(IS_I2C_ANALOG_FILTER(AnalogFilter));
  41              		.loc 1 101 3 view .LVU3
 102:Drivers/STM32L0xx_HAL_Driver/Src/stm32l0xx_hal_i2c_ex.c **** 
 103:Drivers/STM32L0xx_HAL_Driver/Src/stm32l0xx_hal_i2c_ex.c ****   if (hi2c->State == HAL_I2C_STATE_READY)
  42              		.loc 1 103 3 view .LVU4
  43              		.loc 1 103 11 is_stmt 0 view .LVU5
  44 0002 4123     		movs	r3, #65
  45 0004 C35C     		ldrb	r3, [r0, r3]
  46              		.loc 1 103 6 view .LVU6
  47 0006 202B     		cmp	r3, #32
  48 0008 20D1     		bne	.L3
 104:Drivers/STM32L0xx_HAL_Driver/Src/stm32l0xx_hal_i2c_ex.c ****   {
 105:Drivers/STM32L0xx_HAL_Driver/Src/stm32l0xx_hal_i2c_ex.c ****     /* Process Locked */
 106:Drivers/STM32L0xx_HAL_Driver/Src/stm32l0xx_hal_i2c_ex.c ****     __HAL_LOCK(hi2c);
  49              		.loc 1 106 5 is_stmt 1 view .LVU7
  50              		.loc 1 106 5 view .LVU8
  51 000a 2033     		adds	r3, r3, #32
  52 000c C35C     		ldrb	r3, [r0, r3]
  53 000e 012B     		cmp	r3, #1
  54 0010 1ED0     		beq	.L4
  55              		.loc 1 106 5 discriminator 2 view .LVU9
  56 0012 4024     		movs	r4, #64
  57 0014 0122     		movs	r2, #1
  58 0016 0255     		strb	r2, [r0, r4]
  59              		.loc 1 106 5 discriminator 2 view .LVU10
 107:Drivers/STM32L0xx_HAL_Driver/Src/stm32l0xx_hal_i2c_ex.c **** 
 108:Drivers/STM32L0xx_HAL_Driver/Src/stm32l0xx_hal_i2c_ex.c ****     hi2c->State = HAL_I2C_STATE_BUSY;
  60              		.loc 1 108 5 discriminator 2 view .LVU11
  61              		.loc 1 108 17 is_stmt 0 discriminator 2 view .LVU12
  62 0018 4125     		movs	r5, #65
  63 001a 2423     		movs	r3, #36
  64 001c 4355     		strb	r3, [r0, r5]
ARM GAS  C:\Users\emile\AppData\Local\Temp\cc2tdABs.s 			page 4


 109:Drivers/STM32L0xx_HAL_Driver/Src/stm32l0xx_hal_i2c_ex.c **** 
 110:Drivers/STM32L0xx_HAL_Driver/Src/stm32l0xx_hal_i2c_ex.c ****     /* Disable the selected I2C peripheral */
 111:Drivers/STM32L0xx_HAL_Driver/Src/stm32l0xx_hal_i2c_ex.c ****     __HAL_I2C_DISABLE(hi2c);
  65              		.loc 1 111 5 is_stmt 1 discriminator 2 view .LVU13
  66 001e 0668     		ldr	r6, [r0]
  67 0020 3368     		ldr	r3, [r6]
  68 0022 9343     		bics	r3, r2
  69 0024 3360     		str	r3, [r6]
 112:Drivers/STM32L0xx_HAL_Driver/Src/stm32l0xx_hal_i2c_ex.c **** 
 113:Drivers/STM32L0xx_HAL_Driver/Src/stm32l0xx_hal_i2c_ex.c ****     /* Reset I2Cx ANOFF bit */
 114:Drivers/STM32L0xx_HAL_Driver/Src/stm32l0xx_hal_i2c_ex.c ****     hi2c->Instance->CR1 &= ~(I2C_CR1_ANFOFF);
  70              		.loc 1 114 5 discriminator 2 view .LVU14
  71              		.loc 1 114 9 is_stmt 0 discriminator 2 view .LVU15
  72 0026 0668     		ldr	r6, [r0]
  73              		.loc 1 114 25 discriminator 2 view .LVU16
  74 0028 3368     		ldr	r3, [r6]
  75 002a 0A4F     		ldr	r7, .L5
  76 002c 3B40     		ands	r3, r7
  77 002e 3360     		str	r3, [r6]
 115:Drivers/STM32L0xx_HAL_Driver/Src/stm32l0xx_hal_i2c_ex.c **** 
 116:Drivers/STM32L0xx_HAL_Driver/Src/stm32l0xx_hal_i2c_ex.c ****     /* Set analog filter bit*/
 117:Drivers/STM32L0xx_HAL_Driver/Src/stm32l0xx_hal_i2c_ex.c ****     hi2c->Instance->CR1 |= AnalogFilter;
  78              		.loc 1 117 5 is_stmt 1 discriminator 2 view .LVU17
  79              		.loc 1 117 9 is_stmt 0 discriminator 2 view .LVU18
  80 0030 0668     		ldr	r6, [r0]
  81              		.loc 1 117 25 discriminator 2 view .LVU19
  82 0032 3368     		ldr	r3, [r6]
  83 0034 1943     		orrs	r1, r3
  84              	.LVL1:
  85              		.loc 1 117 25 discriminator 2 view .LVU20
  86 0036 3160     		str	r1, [r6]
 118:Drivers/STM32L0xx_HAL_Driver/Src/stm32l0xx_hal_i2c_ex.c **** 
 119:Drivers/STM32L0xx_HAL_Driver/Src/stm32l0xx_hal_i2c_ex.c ****     __HAL_I2C_ENABLE(hi2c);
  87              		.loc 1 119 5 is_stmt 1 discriminator 2 view .LVU21
  88 0038 0168     		ldr	r1, [r0]
  89 003a 0B68     		ldr	r3, [r1]
  90 003c 1343     		orrs	r3, r2
  91 003e 0B60     		str	r3, [r1]
 120:Drivers/STM32L0xx_HAL_Driver/Src/stm32l0xx_hal_i2c_ex.c **** 
 121:Drivers/STM32L0xx_HAL_Driver/Src/stm32l0xx_hal_i2c_ex.c ****     hi2c->State = HAL_I2C_STATE_READY;
  92              		.loc 1 121 5 discriminator 2 view .LVU22
  93              		.loc 1 121 17 is_stmt 0 discriminator 2 view .LVU23
  94 0040 2023     		movs	r3, #32
  95 0042 4355     		strb	r3, [r0, r5]
 122:Drivers/STM32L0xx_HAL_Driver/Src/stm32l0xx_hal_i2c_ex.c **** 
 123:Drivers/STM32L0xx_HAL_Driver/Src/stm32l0xx_hal_i2c_ex.c ****     /* Process Unlocked */
 124:Drivers/STM32L0xx_HAL_Driver/Src/stm32l0xx_hal_i2c_ex.c ****     __HAL_UNLOCK(hi2c);
  96              		.loc 1 124 5 is_stmt 1 discriminator 2 view .LVU24
  97              		.loc 1 124 5 discriminator 2 view .LVU25
  98 0044 0023     		movs	r3, #0
  99 0046 0355     		strb	r3, [r0, r4]
 100              		.loc 1 124 5 discriminator 2 view .LVU26
 125:Drivers/STM32L0xx_HAL_Driver/Src/stm32l0xx_hal_i2c_ex.c **** 
 126:Drivers/STM32L0xx_HAL_Driver/Src/stm32l0xx_hal_i2c_ex.c ****     return HAL_OK;
 101              		.loc 1 126 5 discriminator 2 view .LVU27
 102              		.loc 1 126 12 is_stmt 0 discriminator 2 view .LVU28
 103 0048 0020     		movs	r0, #0
ARM GAS  C:\Users\emile\AppData\Local\Temp\cc2tdABs.s 			page 5


 104              	.LVL2:
 105              	.L2:
 127:Drivers/STM32L0xx_HAL_Driver/Src/stm32l0xx_hal_i2c_ex.c ****   }
 128:Drivers/STM32L0xx_HAL_Driver/Src/stm32l0xx_hal_i2c_ex.c ****   else
 129:Drivers/STM32L0xx_HAL_Driver/Src/stm32l0xx_hal_i2c_ex.c ****   {
 130:Drivers/STM32L0xx_HAL_Driver/Src/stm32l0xx_hal_i2c_ex.c ****     return HAL_BUSY;
 131:Drivers/STM32L0xx_HAL_Driver/Src/stm32l0xx_hal_i2c_ex.c ****   }
 132:Drivers/STM32L0xx_HAL_Driver/Src/stm32l0xx_hal_i2c_ex.c **** }
 106              		.loc 1 132 1 view .LVU29
 107              		@ sp needed
 108 004a F0BD     		pop	{r4, r5, r6, r7, pc}
 109              	.LVL3:
 110              	.L3:
 130:Drivers/STM32L0xx_HAL_Driver/Src/stm32l0xx_hal_i2c_ex.c ****   }
 111              		.loc 1 130 12 view .LVU30
 112 004c 0220     		movs	r0, #2
 113              	.LVL4:
 130:Drivers/STM32L0xx_HAL_Driver/Src/stm32l0xx_hal_i2c_ex.c ****   }
 114              		.loc 1 130 12 view .LVU31
 115 004e FCE7     		b	.L2
 116              	.LVL5:
 117              	.L4:
 106:Drivers/STM32L0xx_HAL_Driver/Src/stm32l0xx_hal_i2c_ex.c **** 
 118              		.loc 1 106 5 view .LVU32
 119 0050 0220     		movs	r0, #2
 120              	.LVL6:
 106:Drivers/STM32L0xx_HAL_Driver/Src/stm32l0xx_hal_i2c_ex.c **** 
 121              		.loc 1 106 5 view .LVU33
 122 0052 FAE7     		b	.L2
 123              	.L6:
 124              		.align	2
 125              	.L5:
 126 0054 FFEFFFFF 		.word	-4097
 127              		.cfi_endproc
 128              	.LFE40:
 130              		.section	.text.HAL_I2CEx_ConfigDigitalFilter,"ax",%progbits
 131              		.align	1
 132              		.global	HAL_I2CEx_ConfigDigitalFilter
 133              		.syntax unified
 134              		.code	16
 135              		.thumb_func
 137              	HAL_I2CEx_ConfigDigitalFilter:
 138              	.LVL7:
 139              	.LFB41:
 133:Drivers/STM32L0xx_HAL_Driver/Src/stm32l0xx_hal_i2c_ex.c **** 
 134:Drivers/STM32L0xx_HAL_Driver/Src/stm32l0xx_hal_i2c_ex.c **** /**
 135:Drivers/STM32L0xx_HAL_Driver/Src/stm32l0xx_hal_i2c_ex.c ****   * @brief  Configure I2C Digital noise filter.
 136:Drivers/STM32L0xx_HAL_Driver/Src/stm32l0xx_hal_i2c_ex.c ****   * @param  hi2c Pointer to a I2C_HandleTypeDef structure that contains
 137:Drivers/STM32L0xx_HAL_Driver/Src/stm32l0xx_hal_i2c_ex.c ****   *                the configuration information for the specified I2Cx peripheral.
 138:Drivers/STM32L0xx_HAL_Driver/Src/stm32l0xx_hal_i2c_ex.c ****   * @param  DigitalFilter Coefficient of digital noise filter between Min_Data=0x00 and Max_Data=0x
 139:Drivers/STM32L0xx_HAL_Driver/Src/stm32l0xx_hal_i2c_ex.c ****   * @retval HAL status
 140:Drivers/STM32L0xx_HAL_Driver/Src/stm32l0xx_hal_i2c_ex.c ****   */
 141:Drivers/STM32L0xx_HAL_Driver/Src/stm32l0xx_hal_i2c_ex.c **** HAL_StatusTypeDef HAL_I2CEx_ConfigDigitalFilter(I2C_HandleTypeDef *hi2c, uint32_t DigitalFilter)
 142:Drivers/STM32L0xx_HAL_Driver/Src/stm32l0xx_hal_i2c_ex.c **** {
 140              		.loc 1 142 1 is_stmt 1 view -0
 141              		.cfi_startproc
 142              		@ args = 0, pretend = 0, frame = 0
ARM GAS  C:\Users\emile\AppData\Local\Temp\cc2tdABs.s 			page 6


 143              		@ frame_needed = 0, uses_anonymous_args = 0
 144              		.loc 1 142 1 is_stmt 0 view .LVU35
 145 0000 F0B5     		push	{r4, r5, r6, r7, lr}
 146              		.cfi_def_cfa_offset 20
 147              		.cfi_offset 4, -20
 148              		.cfi_offset 5, -16
 149              		.cfi_offset 6, -12
 150              		.cfi_offset 7, -8
 151              		.cfi_offset 14, -4
 143:Drivers/STM32L0xx_HAL_Driver/Src/stm32l0xx_hal_i2c_ex.c ****   uint32_t tmpreg;
 152              		.loc 1 143 3 is_stmt 1 view .LVU36
 144:Drivers/STM32L0xx_HAL_Driver/Src/stm32l0xx_hal_i2c_ex.c **** 
 145:Drivers/STM32L0xx_HAL_Driver/Src/stm32l0xx_hal_i2c_ex.c ****   /* Check the parameters */
 146:Drivers/STM32L0xx_HAL_Driver/Src/stm32l0xx_hal_i2c_ex.c ****   assert_param(IS_I2C_ALL_INSTANCE(hi2c->Instance));
 153              		.loc 1 146 3 view .LVU37
 147:Drivers/STM32L0xx_HAL_Driver/Src/stm32l0xx_hal_i2c_ex.c ****   assert_param(IS_I2C_DIGITAL_FILTER(DigitalFilter));
 154              		.loc 1 147 3 view .LVU38
 148:Drivers/STM32L0xx_HAL_Driver/Src/stm32l0xx_hal_i2c_ex.c **** 
 149:Drivers/STM32L0xx_HAL_Driver/Src/stm32l0xx_hal_i2c_ex.c ****   if (hi2c->State == HAL_I2C_STATE_READY)
 155              		.loc 1 149 3 view .LVU39
 156              		.loc 1 149 11 is_stmt 0 view .LVU40
 157 0002 4123     		movs	r3, #65
 158 0004 C35C     		ldrb	r3, [r0, r3]
 159              		.loc 1 149 6 view .LVU41
 160 0006 202B     		cmp	r3, #32
 161 0008 1ED1     		bne	.L9
 150:Drivers/STM32L0xx_HAL_Driver/Src/stm32l0xx_hal_i2c_ex.c ****   {
 151:Drivers/STM32L0xx_HAL_Driver/Src/stm32l0xx_hal_i2c_ex.c ****     /* Process Locked */
 152:Drivers/STM32L0xx_HAL_Driver/Src/stm32l0xx_hal_i2c_ex.c ****     __HAL_LOCK(hi2c);
 162              		.loc 1 152 5 is_stmt 1 view .LVU42
 163              		.loc 1 152 5 view .LVU43
 164 000a 2033     		adds	r3, r3, #32
 165 000c C35C     		ldrb	r3, [r0, r3]
 166 000e 012B     		cmp	r3, #1
 167 0010 1CD0     		beq	.L10
 168              		.loc 1 152 5 discriminator 2 view .LVU44
 169 0012 4024     		movs	r4, #64
 170 0014 0122     		movs	r2, #1
 171 0016 0255     		strb	r2, [r0, r4]
 172              		.loc 1 152 5 discriminator 2 view .LVU45
 153:Drivers/STM32L0xx_HAL_Driver/Src/stm32l0xx_hal_i2c_ex.c **** 
 154:Drivers/STM32L0xx_HAL_Driver/Src/stm32l0xx_hal_i2c_ex.c ****     hi2c->State = HAL_I2C_STATE_BUSY;
 173              		.loc 1 154 5 discriminator 2 view .LVU46
 174              		.loc 1 154 17 is_stmt 0 discriminator 2 view .LVU47
 175 0018 4125     		movs	r5, #65
 176 001a 2423     		movs	r3, #36
 177 001c 4355     		strb	r3, [r0, r5]
 155:Drivers/STM32L0xx_HAL_Driver/Src/stm32l0xx_hal_i2c_ex.c **** 
 156:Drivers/STM32L0xx_HAL_Driver/Src/stm32l0xx_hal_i2c_ex.c ****     /* Disable the selected I2C peripheral */
 157:Drivers/STM32L0xx_HAL_Driver/Src/stm32l0xx_hal_i2c_ex.c ****     __HAL_I2C_DISABLE(hi2c);
 178              		.loc 1 157 5 is_stmt 1 discriminator 2 view .LVU48
 179 001e 0668     		ldr	r6, [r0]
 180 0020 3368     		ldr	r3, [r6]
 181 0022 9343     		bics	r3, r2
 182 0024 3360     		str	r3, [r6]
 158:Drivers/STM32L0xx_HAL_Driver/Src/stm32l0xx_hal_i2c_ex.c **** 
 159:Drivers/STM32L0xx_HAL_Driver/Src/stm32l0xx_hal_i2c_ex.c ****     /* Get the old register value */
ARM GAS  C:\Users\emile\AppData\Local\Temp\cc2tdABs.s 			page 7


 160:Drivers/STM32L0xx_HAL_Driver/Src/stm32l0xx_hal_i2c_ex.c ****     tmpreg = hi2c->Instance->CR1;
 183              		.loc 1 160 5 discriminator 2 view .LVU49
 184              		.loc 1 160 18 is_stmt 0 discriminator 2 view .LVU50
 185 0026 0668     		ldr	r6, [r0]
 186              		.loc 1 160 12 discriminator 2 view .LVU51
 187 0028 3368     		ldr	r3, [r6]
 188              	.LVL8:
 161:Drivers/STM32L0xx_HAL_Driver/Src/stm32l0xx_hal_i2c_ex.c **** 
 162:Drivers/STM32L0xx_HAL_Driver/Src/stm32l0xx_hal_i2c_ex.c ****     /* Reset I2Cx DNF bits [11:8] */
 163:Drivers/STM32L0xx_HAL_Driver/Src/stm32l0xx_hal_i2c_ex.c ****     tmpreg &= ~(I2C_CR1_DNF);
 189              		.loc 1 163 5 is_stmt 1 discriminator 2 view .LVU52
 190              		.loc 1 163 12 is_stmt 0 discriminator 2 view .LVU53
 191 002a 094F     		ldr	r7, .L11
 192 002c 3B40     		ands	r3, r7
 193              	.LVL9:
 164:Drivers/STM32L0xx_HAL_Driver/Src/stm32l0xx_hal_i2c_ex.c **** 
 165:Drivers/STM32L0xx_HAL_Driver/Src/stm32l0xx_hal_i2c_ex.c ****     /* Set I2Cx DNF coefficient */
 166:Drivers/STM32L0xx_HAL_Driver/Src/stm32l0xx_hal_i2c_ex.c ****     tmpreg |= DigitalFilter << 8U;
 194              		.loc 1 166 5 is_stmt 1 discriminator 2 view .LVU54
 195              		.loc 1 166 29 is_stmt 0 discriminator 2 view .LVU55
 196 002e 0902     		lsls	r1, r1, #8
 197              	.LVL10:
 198              		.loc 1 166 12 discriminator 2 view .LVU56
 199 0030 1943     		orrs	r1, r3
 200              	.LVL11:
 167:Drivers/STM32L0xx_HAL_Driver/Src/stm32l0xx_hal_i2c_ex.c **** 
 168:Drivers/STM32L0xx_HAL_Driver/Src/stm32l0xx_hal_i2c_ex.c ****     /* Store the new register value */
 169:Drivers/STM32L0xx_HAL_Driver/Src/stm32l0xx_hal_i2c_ex.c ****     hi2c->Instance->CR1 = tmpreg;
 201              		.loc 1 169 5 is_stmt 1 discriminator 2 view .LVU57
 202              		.loc 1 169 25 is_stmt 0 discriminator 2 view .LVU58
 203 0032 3160     		str	r1, [r6]
 170:Drivers/STM32L0xx_HAL_Driver/Src/stm32l0xx_hal_i2c_ex.c **** 
 171:Drivers/STM32L0xx_HAL_Driver/Src/stm32l0xx_hal_i2c_ex.c ****     __HAL_I2C_ENABLE(hi2c);
 204              		.loc 1 171 5 is_stmt 1 discriminator 2 view .LVU59
 205 0034 0168     		ldr	r1, [r0]
 206              	.LVL12:
 207              		.loc 1 171 5 is_stmt 0 discriminator 2 view .LVU60
 208 0036 0B68     		ldr	r3, [r1]
 209 0038 1343     		orrs	r3, r2
 210 003a 0B60     		str	r3, [r1]
 211              	.LVL13:
 172:Drivers/STM32L0xx_HAL_Driver/Src/stm32l0xx_hal_i2c_ex.c **** 
 173:Drivers/STM32L0xx_HAL_Driver/Src/stm32l0xx_hal_i2c_ex.c ****     hi2c->State = HAL_I2C_STATE_READY;
 212              		.loc 1 173 5 is_stmt 1 discriminator 2 view .LVU61
 213              		.loc 1 173 17 is_stmt 0 discriminator 2 view .LVU62
 214 003c 2023     		movs	r3, #32
 215 003e 4355     		strb	r3, [r0, r5]
 174:Drivers/STM32L0xx_HAL_Driver/Src/stm32l0xx_hal_i2c_ex.c **** 
 175:Drivers/STM32L0xx_HAL_Driver/Src/stm32l0xx_hal_i2c_ex.c ****     /* Process Unlocked */
 176:Drivers/STM32L0xx_HAL_Driver/Src/stm32l0xx_hal_i2c_ex.c ****     __HAL_UNLOCK(hi2c);
 216              		.loc 1 176 5 is_stmt 1 discriminator 2 view .LVU63
 217              		.loc 1 176 5 discriminator 2 view .LVU64
 218 0040 0023     		movs	r3, #0
 219 0042 0355     		strb	r3, [r0, r4]
 220              		.loc 1 176 5 discriminator 2 view .LVU65
 177:Drivers/STM32L0xx_HAL_Driver/Src/stm32l0xx_hal_i2c_ex.c **** 
 178:Drivers/STM32L0xx_HAL_Driver/Src/stm32l0xx_hal_i2c_ex.c ****     return HAL_OK;
ARM GAS  C:\Users\emile\AppData\Local\Temp\cc2tdABs.s 			page 8


 221              		.loc 1 178 5 discriminator 2 view .LVU66
 222              		.loc 1 178 12 is_stmt 0 discriminator 2 view .LVU67
 223 0044 0020     		movs	r0, #0
 224              	.LVL14:
 225              	.L8:
 179:Drivers/STM32L0xx_HAL_Driver/Src/stm32l0xx_hal_i2c_ex.c ****   }
 180:Drivers/STM32L0xx_HAL_Driver/Src/stm32l0xx_hal_i2c_ex.c ****   else
 181:Drivers/STM32L0xx_HAL_Driver/Src/stm32l0xx_hal_i2c_ex.c ****   {
 182:Drivers/STM32L0xx_HAL_Driver/Src/stm32l0xx_hal_i2c_ex.c ****     return HAL_BUSY;
 183:Drivers/STM32L0xx_HAL_Driver/Src/stm32l0xx_hal_i2c_ex.c ****   }
 184:Drivers/STM32L0xx_HAL_Driver/Src/stm32l0xx_hal_i2c_ex.c **** }
 226              		.loc 1 184 1 view .LVU68
 227              		@ sp needed
 228 0046 F0BD     		pop	{r4, r5, r6, r7, pc}
 229              	.LVL15:
 230              	.L9:
 182:Drivers/STM32L0xx_HAL_Driver/Src/stm32l0xx_hal_i2c_ex.c ****   }
 231              		.loc 1 182 12 view .LVU69
 232 0048 0220     		movs	r0, #2
 233              	.LVL16:
 182:Drivers/STM32L0xx_HAL_Driver/Src/stm32l0xx_hal_i2c_ex.c ****   }
 234              		.loc 1 182 12 view .LVU70
 235 004a FCE7     		b	.L8
 236              	.LVL17:
 237              	.L10:
 152:Drivers/STM32L0xx_HAL_Driver/Src/stm32l0xx_hal_i2c_ex.c **** 
 238              		.loc 1 152 5 view .LVU71
 239 004c 0220     		movs	r0, #2
 240              	.LVL18:
 152:Drivers/STM32L0xx_HAL_Driver/Src/stm32l0xx_hal_i2c_ex.c **** 
 241              		.loc 1 152 5 view .LVU72
 242 004e FAE7     		b	.L8
 243              	.L12:
 244              		.align	2
 245              	.L11:
 246 0050 FFF0FFFF 		.word	-3841
 247              		.cfi_endproc
 248              	.LFE41:
 250              		.section	.text.HAL_I2CEx_EnableWakeUp,"ax",%progbits
 251              		.align	1
 252              		.global	HAL_I2CEx_EnableWakeUp
 253              		.syntax unified
 254              		.code	16
 255              		.thumb_func
 257              	HAL_I2CEx_EnableWakeUp:
 258              	.LVL19:
 259              	.LFB42:
 185:Drivers/STM32L0xx_HAL_Driver/Src/stm32l0xx_hal_i2c_ex.c **** /**
 186:Drivers/STM32L0xx_HAL_Driver/Src/stm32l0xx_hal_i2c_ex.c ****   * @}
 187:Drivers/STM32L0xx_HAL_Driver/Src/stm32l0xx_hal_i2c_ex.c ****   */
 188:Drivers/STM32L0xx_HAL_Driver/Src/stm32l0xx_hal_i2c_ex.c **** 
 189:Drivers/STM32L0xx_HAL_Driver/Src/stm32l0xx_hal_i2c_ex.c **** /** @defgroup I2CEx_Exported_Functions_Group2 WakeUp Mode Functions
 190:Drivers/STM32L0xx_HAL_Driver/Src/stm32l0xx_hal_i2c_ex.c ****   * @brief    WakeUp Mode Functions
 191:Drivers/STM32L0xx_HAL_Driver/Src/stm32l0xx_hal_i2c_ex.c ****   *
 192:Drivers/STM32L0xx_HAL_Driver/Src/stm32l0xx_hal_i2c_ex.c **** @verbatim
 193:Drivers/STM32L0xx_HAL_Driver/Src/stm32l0xx_hal_i2c_ex.c ****  ===============================================================================
 194:Drivers/STM32L0xx_HAL_Driver/Src/stm32l0xx_hal_i2c_ex.c ****                       ##### WakeUp Mode Functions #####
ARM GAS  C:\Users\emile\AppData\Local\Temp\cc2tdABs.s 			page 9


 195:Drivers/STM32L0xx_HAL_Driver/Src/stm32l0xx_hal_i2c_ex.c ****  ===============================================================================
 196:Drivers/STM32L0xx_HAL_Driver/Src/stm32l0xx_hal_i2c_ex.c ****     [..] This section provides functions allowing to:
 197:Drivers/STM32L0xx_HAL_Driver/Src/stm32l0xx_hal_i2c_ex.c ****       (+) Configure Wake Up Feature
 198:Drivers/STM32L0xx_HAL_Driver/Src/stm32l0xx_hal_i2c_ex.c **** 
 199:Drivers/STM32L0xx_HAL_Driver/Src/stm32l0xx_hal_i2c_ex.c **** @endverbatim
 200:Drivers/STM32L0xx_HAL_Driver/Src/stm32l0xx_hal_i2c_ex.c ****   * @{
 201:Drivers/STM32L0xx_HAL_Driver/Src/stm32l0xx_hal_i2c_ex.c ****   */
 202:Drivers/STM32L0xx_HAL_Driver/Src/stm32l0xx_hal_i2c_ex.c **** 
 203:Drivers/STM32L0xx_HAL_Driver/Src/stm32l0xx_hal_i2c_ex.c **** /**
 204:Drivers/STM32L0xx_HAL_Driver/Src/stm32l0xx_hal_i2c_ex.c ****   * @brief  Enable I2C wakeup from Stop mode(s).
 205:Drivers/STM32L0xx_HAL_Driver/Src/stm32l0xx_hal_i2c_ex.c ****   * @param  hi2c Pointer to a I2C_HandleTypeDef structure that contains
 206:Drivers/STM32L0xx_HAL_Driver/Src/stm32l0xx_hal_i2c_ex.c ****   *                the configuration information for the specified I2Cx peripheral.
 207:Drivers/STM32L0xx_HAL_Driver/Src/stm32l0xx_hal_i2c_ex.c ****   * @retval HAL status
 208:Drivers/STM32L0xx_HAL_Driver/Src/stm32l0xx_hal_i2c_ex.c ****   */
 209:Drivers/STM32L0xx_HAL_Driver/Src/stm32l0xx_hal_i2c_ex.c **** HAL_StatusTypeDef HAL_I2CEx_EnableWakeUp(I2C_HandleTypeDef *hi2c)
 210:Drivers/STM32L0xx_HAL_Driver/Src/stm32l0xx_hal_i2c_ex.c **** {
 260              		.loc 1 210 1 is_stmt 1 view -0
 261              		.cfi_startproc
 262              		@ args = 0, pretend = 0, frame = 0
 263              		@ frame_needed = 0, uses_anonymous_args = 0
 264              		.loc 1 210 1 is_stmt 0 view .LVU74
 265 0000 70B5     		push	{r4, r5, r6, lr}
 266              		.cfi_def_cfa_offset 16
 267              		.cfi_offset 4, -16
 268              		.cfi_offset 5, -12
 269              		.cfi_offset 6, -8
 270              		.cfi_offset 14, -4
 211:Drivers/STM32L0xx_HAL_Driver/Src/stm32l0xx_hal_i2c_ex.c ****   /* Check the parameters */
 212:Drivers/STM32L0xx_HAL_Driver/Src/stm32l0xx_hal_i2c_ex.c ****   assert_param(IS_I2C_WAKEUP_FROMSTOP_INSTANCE(hi2c->Instance));
 271              		.loc 1 212 3 is_stmt 1 view .LVU75
 213:Drivers/STM32L0xx_HAL_Driver/Src/stm32l0xx_hal_i2c_ex.c **** 
 214:Drivers/STM32L0xx_HAL_Driver/Src/stm32l0xx_hal_i2c_ex.c ****   if (hi2c->State == HAL_I2C_STATE_READY)
 272              		.loc 1 214 3 view .LVU76
 273              		.loc 1 214 11 is_stmt 0 view .LVU77
 274 0002 4123     		movs	r3, #65
 275 0004 C35C     		ldrb	r3, [r0, r3]
 276              		.loc 1 214 6 view .LVU78
 277 0006 202B     		cmp	r3, #32
 278 0008 1DD1     		bne	.L15
 215:Drivers/STM32L0xx_HAL_Driver/Src/stm32l0xx_hal_i2c_ex.c ****   {
 216:Drivers/STM32L0xx_HAL_Driver/Src/stm32l0xx_hal_i2c_ex.c ****     /* Process Locked */
 217:Drivers/STM32L0xx_HAL_Driver/Src/stm32l0xx_hal_i2c_ex.c ****     __HAL_LOCK(hi2c);
 279              		.loc 1 217 5 is_stmt 1 view .LVU79
 280              		.loc 1 217 5 view .LVU80
 281 000a 2033     		adds	r3, r3, #32
 282 000c C35C     		ldrb	r3, [r0, r3]
 283 000e 012B     		cmp	r3, #1
 284 0010 1BD0     		beq	.L16
 285              		.loc 1 217 5 discriminator 2 view .LVU81
 286 0012 4021     		movs	r1, #64
 287 0014 0122     		movs	r2, #1
 288 0016 4254     		strb	r2, [r0, r1]
 289              		.loc 1 217 5 discriminator 2 view .LVU82
 218:Drivers/STM32L0xx_HAL_Driver/Src/stm32l0xx_hal_i2c_ex.c **** 
 219:Drivers/STM32L0xx_HAL_Driver/Src/stm32l0xx_hal_i2c_ex.c ****     hi2c->State = HAL_I2C_STATE_BUSY;
 290              		.loc 1 219 5 discriminator 2 view .LVU83
 291              		.loc 1 219 17 is_stmt 0 discriminator 2 view .LVU84
ARM GAS  C:\Users\emile\AppData\Local\Temp\cc2tdABs.s 			page 10


 292 0018 4124     		movs	r4, #65
 293 001a 2423     		movs	r3, #36
 294 001c 0355     		strb	r3, [r0, r4]
 220:Drivers/STM32L0xx_HAL_Driver/Src/stm32l0xx_hal_i2c_ex.c **** 
 221:Drivers/STM32L0xx_HAL_Driver/Src/stm32l0xx_hal_i2c_ex.c ****     /* Disable the selected I2C peripheral */
 222:Drivers/STM32L0xx_HAL_Driver/Src/stm32l0xx_hal_i2c_ex.c ****     __HAL_I2C_DISABLE(hi2c);
 295              		.loc 1 222 5 is_stmt 1 discriminator 2 view .LVU85
 296 001e 0568     		ldr	r5, [r0]
 297 0020 2B68     		ldr	r3, [r5]
 298 0022 9343     		bics	r3, r2
 299 0024 2B60     		str	r3, [r5]
 223:Drivers/STM32L0xx_HAL_Driver/Src/stm32l0xx_hal_i2c_ex.c **** 
 224:Drivers/STM32L0xx_HAL_Driver/Src/stm32l0xx_hal_i2c_ex.c ****     /* Enable wakeup from stop mode */
 225:Drivers/STM32L0xx_HAL_Driver/Src/stm32l0xx_hal_i2c_ex.c ****     hi2c->Instance->CR1 |= I2C_CR1_WUPEN;
 300              		.loc 1 225 5 discriminator 2 view .LVU86
 301              		.loc 1 225 9 is_stmt 0 discriminator 2 view .LVU87
 302 0026 0568     		ldr	r5, [r0]
 303              		.loc 1 225 25 discriminator 2 view .LVU88
 304 0028 2E68     		ldr	r6, [r5]
 305 002a 8023     		movs	r3, #128
 306 002c DB02     		lsls	r3, r3, #11
 307 002e 3343     		orrs	r3, r6
 308 0030 2B60     		str	r3, [r5]
 226:Drivers/STM32L0xx_HAL_Driver/Src/stm32l0xx_hal_i2c_ex.c **** 
 227:Drivers/STM32L0xx_HAL_Driver/Src/stm32l0xx_hal_i2c_ex.c ****     __HAL_I2C_ENABLE(hi2c);
 309              		.loc 1 227 5 is_stmt 1 discriminator 2 view .LVU89
 310 0032 0568     		ldr	r5, [r0]
 311 0034 2B68     		ldr	r3, [r5]
 312 0036 1343     		orrs	r3, r2
 313 0038 2B60     		str	r3, [r5]
 228:Drivers/STM32L0xx_HAL_Driver/Src/stm32l0xx_hal_i2c_ex.c **** 
 229:Drivers/STM32L0xx_HAL_Driver/Src/stm32l0xx_hal_i2c_ex.c ****     hi2c->State = HAL_I2C_STATE_READY;
 314              		.loc 1 229 5 discriminator 2 view .LVU90
 315              		.loc 1 229 17 is_stmt 0 discriminator 2 view .LVU91
 316 003a 2023     		movs	r3, #32
 317 003c 0355     		strb	r3, [r0, r4]
 230:Drivers/STM32L0xx_HAL_Driver/Src/stm32l0xx_hal_i2c_ex.c **** 
 231:Drivers/STM32L0xx_HAL_Driver/Src/stm32l0xx_hal_i2c_ex.c ****     /* Process Unlocked */
 232:Drivers/STM32L0xx_HAL_Driver/Src/stm32l0xx_hal_i2c_ex.c ****     __HAL_UNLOCK(hi2c);
 318              		.loc 1 232 5 is_stmt 1 discriminator 2 view .LVU92
 319              		.loc 1 232 5 discriminator 2 view .LVU93
 320 003e 0023     		movs	r3, #0
 321 0040 4354     		strb	r3, [r0, r1]
 322              		.loc 1 232 5 discriminator 2 view .LVU94
 233:Drivers/STM32L0xx_HAL_Driver/Src/stm32l0xx_hal_i2c_ex.c **** 
 234:Drivers/STM32L0xx_HAL_Driver/Src/stm32l0xx_hal_i2c_ex.c ****     return HAL_OK;
 323              		.loc 1 234 5 discriminator 2 view .LVU95
 324              		.loc 1 234 12 is_stmt 0 discriminator 2 view .LVU96
 325 0042 0020     		movs	r0, #0
 326              	.LVL20:
 327              	.L14:
 235:Drivers/STM32L0xx_HAL_Driver/Src/stm32l0xx_hal_i2c_ex.c ****   }
 236:Drivers/STM32L0xx_HAL_Driver/Src/stm32l0xx_hal_i2c_ex.c ****   else
 237:Drivers/STM32L0xx_HAL_Driver/Src/stm32l0xx_hal_i2c_ex.c ****   {
 238:Drivers/STM32L0xx_HAL_Driver/Src/stm32l0xx_hal_i2c_ex.c ****     return HAL_BUSY;
 239:Drivers/STM32L0xx_HAL_Driver/Src/stm32l0xx_hal_i2c_ex.c ****   }
 240:Drivers/STM32L0xx_HAL_Driver/Src/stm32l0xx_hal_i2c_ex.c **** }
ARM GAS  C:\Users\emile\AppData\Local\Temp\cc2tdABs.s 			page 11


 328              		.loc 1 240 1 view .LVU97
 329              		@ sp needed
 330 0044 70BD     		pop	{r4, r5, r6, pc}
 331              	.LVL21:
 332              	.L15:
 238:Drivers/STM32L0xx_HAL_Driver/Src/stm32l0xx_hal_i2c_ex.c ****   }
 333              		.loc 1 238 12 view .LVU98
 334 0046 0220     		movs	r0, #2
 335              	.LVL22:
 238:Drivers/STM32L0xx_HAL_Driver/Src/stm32l0xx_hal_i2c_ex.c ****   }
 336              		.loc 1 238 12 view .LVU99
 337 0048 FCE7     		b	.L14
 338              	.LVL23:
 339              	.L16:
 217:Drivers/STM32L0xx_HAL_Driver/Src/stm32l0xx_hal_i2c_ex.c **** 
 340              		.loc 1 217 5 view .LVU100
 341 004a 0220     		movs	r0, #2
 342              	.LVL24:
 217:Drivers/STM32L0xx_HAL_Driver/Src/stm32l0xx_hal_i2c_ex.c **** 
 343              		.loc 1 217 5 view .LVU101
 344 004c FAE7     		b	.L14
 345              		.cfi_endproc
 346              	.LFE42:
 348              		.section	.text.HAL_I2CEx_DisableWakeUp,"ax",%progbits
 349              		.align	1
 350              		.global	HAL_I2CEx_DisableWakeUp
 351              		.syntax unified
 352              		.code	16
 353              		.thumb_func
 355              	HAL_I2CEx_DisableWakeUp:
 356              	.LVL25:
 357              	.LFB43:
 241:Drivers/STM32L0xx_HAL_Driver/Src/stm32l0xx_hal_i2c_ex.c **** 
 242:Drivers/STM32L0xx_HAL_Driver/Src/stm32l0xx_hal_i2c_ex.c **** /**
 243:Drivers/STM32L0xx_HAL_Driver/Src/stm32l0xx_hal_i2c_ex.c ****   * @brief  Disable I2C wakeup from Stop mode(s).
 244:Drivers/STM32L0xx_HAL_Driver/Src/stm32l0xx_hal_i2c_ex.c ****   * @param  hi2c Pointer to a I2C_HandleTypeDef structure that contains
 245:Drivers/STM32L0xx_HAL_Driver/Src/stm32l0xx_hal_i2c_ex.c ****   *                the configuration information for the specified I2Cx peripheral.
 246:Drivers/STM32L0xx_HAL_Driver/Src/stm32l0xx_hal_i2c_ex.c ****   * @retval HAL status
 247:Drivers/STM32L0xx_HAL_Driver/Src/stm32l0xx_hal_i2c_ex.c ****   */
 248:Drivers/STM32L0xx_HAL_Driver/Src/stm32l0xx_hal_i2c_ex.c **** HAL_StatusTypeDef HAL_I2CEx_DisableWakeUp(I2C_HandleTypeDef *hi2c)
 249:Drivers/STM32L0xx_HAL_Driver/Src/stm32l0xx_hal_i2c_ex.c **** {
 358              		.loc 1 249 1 is_stmt 1 view -0
 359              		.cfi_startproc
 360              		@ args = 0, pretend = 0, frame = 0
 361              		@ frame_needed = 0, uses_anonymous_args = 0
 362              		.loc 1 249 1 is_stmt 0 view .LVU103
 363 0000 70B5     		push	{r4, r5, r6, lr}
 364              		.cfi_def_cfa_offset 16
 365              		.cfi_offset 4, -16
 366              		.cfi_offset 5, -12
 367              		.cfi_offset 6, -8
 368              		.cfi_offset 14, -4
 250:Drivers/STM32L0xx_HAL_Driver/Src/stm32l0xx_hal_i2c_ex.c ****   /* Check the parameters */
 251:Drivers/STM32L0xx_HAL_Driver/Src/stm32l0xx_hal_i2c_ex.c ****   assert_param(IS_I2C_WAKEUP_FROMSTOP_INSTANCE(hi2c->Instance));
 369              		.loc 1 251 3 is_stmt 1 view .LVU104
 252:Drivers/STM32L0xx_HAL_Driver/Src/stm32l0xx_hal_i2c_ex.c **** 
 253:Drivers/STM32L0xx_HAL_Driver/Src/stm32l0xx_hal_i2c_ex.c ****   if (hi2c->State == HAL_I2C_STATE_READY)
ARM GAS  C:\Users\emile\AppData\Local\Temp\cc2tdABs.s 			page 12


 370              		.loc 1 253 3 view .LVU105
 371              		.loc 1 253 11 is_stmt 0 view .LVU106
 372 0002 4123     		movs	r3, #65
 373 0004 C35C     		ldrb	r3, [r0, r3]
 374              		.loc 1 253 6 view .LVU107
 375 0006 202B     		cmp	r3, #32
 376 0008 1CD1     		bne	.L19
 254:Drivers/STM32L0xx_HAL_Driver/Src/stm32l0xx_hal_i2c_ex.c ****   {
 255:Drivers/STM32L0xx_HAL_Driver/Src/stm32l0xx_hal_i2c_ex.c ****     /* Process Locked */
 256:Drivers/STM32L0xx_HAL_Driver/Src/stm32l0xx_hal_i2c_ex.c ****     __HAL_LOCK(hi2c);
 377              		.loc 1 256 5 is_stmt 1 view .LVU108
 378              		.loc 1 256 5 view .LVU109
 379 000a 2033     		adds	r3, r3, #32
 380 000c C35C     		ldrb	r3, [r0, r3]
 381 000e 012B     		cmp	r3, #1
 382 0010 1AD0     		beq	.L20
 383              		.loc 1 256 5 discriminator 2 view .LVU110
 384 0012 4021     		movs	r1, #64
 385 0014 0122     		movs	r2, #1
 386 0016 4254     		strb	r2, [r0, r1]
 387              		.loc 1 256 5 discriminator 2 view .LVU111
 257:Drivers/STM32L0xx_HAL_Driver/Src/stm32l0xx_hal_i2c_ex.c **** 
 258:Drivers/STM32L0xx_HAL_Driver/Src/stm32l0xx_hal_i2c_ex.c ****     hi2c->State = HAL_I2C_STATE_BUSY;
 388              		.loc 1 258 5 discriminator 2 view .LVU112
 389              		.loc 1 258 17 is_stmt 0 discriminator 2 view .LVU113
 390 0018 4124     		movs	r4, #65
 391 001a 2423     		movs	r3, #36
 392 001c 0355     		strb	r3, [r0, r4]
 259:Drivers/STM32L0xx_HAL_Driver/Src/stm32l0xx_hal_i2c_ex.c **** 
 260:Drivers/STM32L0xx_HAL_Driver/Src/stm32l0xx_hal_i2c_ex.c ****     /* Disable the selected I2C peripheral */
 261:Drivers/STM32L0xx_HAL_Driver/Src/stm32l0xx_hal_i2c_ex.c ****     __HAL_I2C_DISABLE(hi2c);
 393              		.loc 1 261 5 is_stmt 1 discriminator 2 view .LVU114
 394 001e 0568     		ldr	r5, [r0]
 395 0020 2B68     		ldr	r3, [r5]
 396 0022 9343     		bics	r3, r2
 397 0024 2B60     		str	r3, [r5]
 262:Drivers/STM32L0xx_HAL_Driver/Src/stm32l0xx_hal_i2c_ex.c **** 
 263:Drivers/STM32L0xx_HAL_Driver/Src/stm32l0xx_hal_i2c_ex.c ****     /* Enable wakeup from stop mode */
 264:Drivers/STM32L0xx_HAL_Driver/Src/stm32l0xx_hal_i2c_ex.c ****     hi2c->Instance->CR1 &= ~(I2C_CR1_WUPEN);
 398              		.loc 1 264 5 discriminator 2 view .LVU115
 399              		.loc 1 264 9 is_stmt 0 discriminator 2 view .LVU116
 400 0026 0568     		ldr	r5, [r0]
 401              		.loc 1 264 25 discriminator 2 view .LVU117
 402 0028 2B68     		ldr	r3, [r5]
 403 002a 084E     		ldr	r6, .L21
 404 002c 3340     		ands	r3, r6
 405 002e 2B60     		str	r3, [r5]
 265:Drivers/STM32L0xx_HAL_Driver/Src/stm32l0xx_hal_i2c_ex.c **** 
 266:Drivers/STM32L0xx_HAL_Driver/Src/stm32l0xx_hal_i2c_ex.c ****     __HAL_I2C_ENABLE(hi2c);
 406              		.loc 1 266 5 is_stmt 1 discriminator 2 view .LVU118
 407 0030 0568     		ldr	r5, [r0]
 408 0032 2B68     		ldr	r3, [r5]
 409 0034 1343     		orrs	r3, r2
 410 0036 2B60     		str	r3, [r5]
 267:Drivers/STM32L0xx_HAL_Driver/Src/stm32l0xx_hal_i2c_ex.c **** 
 268:Drivers/STM32L0xx_HAL_Driver/Src/stm32l0xx_hal_i2c_ex.c ****     hi2c->State = HAL_I2C_STATE_READY;
 411              		.loc 1 268 5 discriminator 2 view .LVU119
ARM GAS  C:\Users\emile\AppData\Local\Temp\cc2tdABs.s 			page 13


 412              		.loc 1 268 17 is_stmt 0 discriminator 2 view .LVU120
 413 0038 2023     		movs	r3, #32
 414 003a 0355     		strb	r3, [r0, r4]
 269:Drivers/STM32L0xx_HAL_Driver/Src/stm32l0xx_hal_i2c_ex.c **** 
 270:Drivers/STM32L0xx_HAL_Driver/Src/stm32l0xx_hal_i2c_ex.c ****     /* Process Unlocked */
 271:Drivers/STM32L0xx_HAL_Driver/Src/stm32l0xx_hal_i2c_ex.c ****     __HAL_UNLOCK(hi2c);
 415              		.loc 1 271 5 is_stmt 1 discriminator 2 view .LVU121
 416              		.loc 1 271 5 discriminator 2 view .LVU122
 417 003c 0023     		movs	r3, #0
 418 003e 4354     		strb	r3, [r0, r1]
 419              		.loc 1 271 5 discriminator 2 view .LVU123
 272:Drivers/STM32L0xx_HAL_Driver/Src/stm32l0xx_hal_i2c_ex.c **** 
 273:Drivers/STM32L0xx_HAL_Driver/Src/stm32l0xx_hal_i2c_ex.c ****     return HAL_OK;
 420              		.loc 1 273 5 discriminator 2 view .LVU124
 421              		.loc 1 273 12 is_stmt 0 discriminator 2 view .LVU125
 422 0040 0020     		movs	r0, #0
 423              	.LVL26:
 424              	.L18:
 274:Drivers/STM32L0xx_HAL_Driver/Src/stm32l0xx_hal_i2c_ex.c ****   }
 275:Drivers/STM32L0xx_HAL_Driver/Src/stm32l0xx_hal_i2c_ex.c ****   else
 276:Drivers/STM32L0xx_HAL_Driver/Src/stm32l0xx_hal_i2c_ex.c ****   {
 277:Drivers/STM32L0xx_HAL_Driver/Src/stm32l0xx_hal_i2c_ex.c ****     return HAL_BUSY;
 278:Drivers/STM32L0xx_HAL_Driver/Src/stm32l0xx_hal_i2c_ex.c ****   }
 279:Drivers/STM32L0xx_HAL_Driver/Src/stm32l0xx_hal_i2c_ex.c **** }
 425              		.loc 1 279 1 view .LVU126
 426              		@ sp needed
 427 0042 70BD     		pop	{r4, r5, r6, pc}
 428              	.LVL27:
 429              	.L19:
 277:Drivers/STM32L0xx_HAL_Driver/Src/stm32l0xx_hal_i2c_ex.c ****   }
 430              		.loc 1 277 12 view .LVU127
 431 0044 0220     		movs	r0, #2
 432              	.LVL28:
 277:Drivers/STM32L0xx_HAL_Driver/Src/stm32l0xx_hal_i2c_ex.c ****   }
 433              		.loc 1 277 12 view .LVU128
 434 0046 FCE7     		b	.L18
 435              	.LVL29:
 436              	.L20:
 256:Drivers/STM32L0xx_HAL_Driver/Src/stm32l0xx_hal_i2c_ex.c **** 
 437              		.loc 1 256 5 view .LVU129
 438 0048 0220     		movs	r0, #2
 439              	.LVL30:
 256:Drivers/STM32L0xx_HAL_Driver/Src/stm32l0xx_hal_i2c_ex.c **** 
 440              		.loc 1 256 5 view .LVU130
 441 004a FAE7     		b	.L18
 442              	.L22:
 443              		.align	2
 444              	.L21:
 445 004c FFFFFBFF 		.word	-262145
 446              		.cfi_endproc
 447              	.LFE43:
 449              		.text
 450              	.Letext0:
 451              		.file 2 "c:\\program files (x86)\\gnu arm embedded toolchain\\10 2021.10\\arm-none-eabi\\include\\
 452              		.file 3 "c:\\program files (x86)\\gnu arm embedded toolchain\\10 2021.10\\arm-none-eabi\\include\\
 453              		.file 4 "Drivers/CMSIS/Device/ST/STM32L0xx/Include/stm32l010x4.h"
 454              		.file 5 "Drivers/STM32L0xx_HAL_Driver/Inc/stm32l0xx_hal_def.h"
ARM GAS  C:\Users\emile\AppData\Local\Temp\cc2tdABs.s 			page 14


 455              		.file 6 "Drivers/STM32L0xx_HAL_Driver/Inc/stm32l0xx_hal_dma.h"
 456              		.file 7 "Drivers/STM32L0xx_HAL_Driver/Inc/stm32l0xx_hal_i2c.h"
ARM GAS  C:\Users\emile\AppData\Local\Temp\cc2tdABs.s 			page 15


DEFINED SYMBOLS
                            *ABS*:00000000 stm32l0xx_hal_i2c_ex.c
C:\Users\emile\AppData\Local\Temp\cc2tdABs.s:18     .text.HAL_I2CEx_ConfigAnalogFilter:00000000 $t
C:\Users\emile\AppData\Local\Temp\cc2tdABs.s:24     .text.HAL_I2CEx_ConfigAnalogFilter:00000000 HAL_I2CEx_ConfigAnalogFilter
C:\Users\emile\AppData\Local\Temp\cc2tdABs.s:126    .text.HAL_I2CEx_ConfigAnalogFilter:00000054 $d
C:\Users\emile\AppData\Local\Temp\cc2tdABs.s:131    .text.HAL_I2CEx_ConfigDigitalFilter:00000000 $t
C:\Users\emile\AppData\Local\Temp\cc2tdABs.s:137    .text.HAL_I2CEx_ConfigDigitalFilter:00000000 HAL_I2CEx_ConfigDigitalFilter
C:\Users\emile\AppData\Local\Temp\cc2tdABs.s:246    .text.HAL_I2CEx_ConfigDigitalFilter:00000050 $d
C:\Users\emile\AppData\Local\Temp\cc2tdABs.s:251    .text.HAL_I2CEx_EnableWakeUp:00000000 $t
C:\Users\emile\AppData\Local\Temp\cc2tdABs.s:257    .text.HAL_I2CEx_EnableWakeUp:00000000 HAL_I2CEx_EnableWakeUp
C:\Users\emile\AppData\Local\Temp\cc2tdABs.s:349    .text.HAL_I2CEx_DisableWakeUp:00000000 $t
C:\Users\emile\AppData\Local\Temp\cc2tdABs.s:355    .text.HAL_I2CEx_DisableWakeUp:00000000 HAL_I2CEx_DisableWakeUp
C:\Users\emile\AppData\Local\Temp\cc2tdABs.s:445    .text.HAL_I2CEx_DisableWakeUp:0000004c $d

NO UNDEFINED SYMBOLS
